mpif77 -O0 -w -std=legacy  -c dasum.f 
mpif77 -O0 -w -std=legacy  -c daxpy.f 
mpif77 -O0 -w -std=legacy  -c dbdsqr.f 
mpif77 -O0 -w -std=legacy  -c dcabs1.f 
mpif77 -O0 -w -std=legacy  -c dcopy.f 
mpif77 -O0 -w -std=legacy  -c ddot.f 
mpif77 -O0 -w -std=legacy  -c dgebak.f 
mpif77 -O0 -w -std=legacy  -c dgebal.f 
mpif77 -O0 -w -std=legacy  -c dgebd2.f 
mpif77 -O0 -w -std=legacy  -c dgebrd.f 
mpif77 -O0 -w -std=legacy  -c dgecon.f 
mpif77 -O0 -w -std=legacy  -c dgeev.f 
mpif77 -O0 -w -std=legacy  -c dgehd2.f 
mpif77 -O0 -w -std=legacy  -c dgehrd.f 
mpif77 -O0 -w -std=legacy  -c dgelq2.f 
mpif77 -O0 -w -std=legacy  -c dgelqf.f 
mpif77 -O0 -w -std=legacy  -c dgelss.f 
mpif77 -O0 -w -std=legacy  -c dgemm.f 
mpif77 -O0 -w -std=legacy  -c dgemv.f 
mpif77 -O0 -w -std=legacy  -c dgeqr2.f 
mpif77 -O0 -w -std=legacy  -c dgeqrf.f 
mpif77 -O0 -w -std=legacy  -c dger.f 
mpif77 -O0 -w -std=legacy  -c dgesvd.f 
mpif77 -O0 -w -std=legacy  -c dgesv.f 
mpif77 -O0 -w -std=legacy  -c dgetf2.f 
mpif77 -O0 -w -std=legacy  -c dgetrf.f 
mpif77 -O0 -w -std=legacy  -c dgetri.f 
mpif77 -O0 -w -std=legacy  -c dgetrs.f 
mpif77 -O0 -w -std=legacy  -c dhseqr.f 
mpif77 -O0 -w -std=legacy  -c dlabad.f 
mpif77 -O0 -w -std=legacy  -c dlabrd.f 
mpif77 -O0 -w -std=legacy  -c dlacon.f 
mpif77 -O0 -w -std=legacy  -c dlacpy.f 
mpif77 -O0 -w -std=legacy  -c dladiv.f 
mpif77 -O0 -w -std=legacy  -c dlae2.f 
mpif77 -O0 -w -std=legacy  -c dlaev2.f 
mpif77 -O0 -w -std=legacy  -c dlahqr.f 
mpif77 -O0 -w -std=legacy  -c dlahrd.f 
mpif77 -O0 -w -std=legacy  -c dlaln2.f 
mpif77 -O0 -w -std=legacy  -c dlamch.f 
mpif77 -O0 -w -std=legacy  -c dlange.f 
mpif77 -O0 -w -std=legacy  -c dlanhs.f 
mpif77 -O0 -w -std=legacy  -c dlanst.f 
mpif77 -O0 -w -std=legacy  -c dlansy.f 
mpif77 -O0 -w -std=legacy  -c dlanv2.f 
mpif77 -O0 -w -std=legacy  -c dlapy2.f 
mpif77 -O0 -w -std=legacy  -c dlarfb.f 
mpif77 -O0 -w -std=legacy  -c dlarf.f 
mpif77 -O0 -w -std=legacy  -c dlarfg.f 
mpif77 -O0 -w -std=legacy  -c dlarft.f 
mpif77 -O0 -w -std=legacy  -c dlarfx.f 
mpif77 -O0 -w -std=legacy  -c dlartg.f 
mpif77 -O0 -w -std=legacy  -c dlas2.f 
mpif77 -O0 -w -std=legacy  -c dlascl.f 
mpif77 -O0 -w -std=legacy  -c dlaset.f 
mpif77 -O0 -w -std=legacy  -c dlasq1.f 
mpif77 -O0 -w -std=legacy  -c dlasq2.f 
mpif77 -O0 -w -std=legacy  -c dlasq3.f 
mpif77 -O0 -w -std=legacy  -c dlasq4.f 
mpif77 -O0 -w -std=legacy  -c dlasq5.f 
mpif77 -O0 -w -std=legacy  -c dlasq6.f 
mpif77 -O0 -w -std=legacy  -c dlasr.f 
mpif77 -O0 -w -std=legacy  -c dlasrt.f 
mpif77 -O0 -w -std=legacy  -c dlassq.f 
mpif77 -O0 -w -std=legacy  -c dlasv2.f 
mpif77 -O0 -w -std=legacy  -c dlaswp.f 
mpif77 -O0 -w -std=legacy  -c dlatrd.f 
mpif77 -O0 -w -std=legacy  -c dlatrs.f 
mpif77 -O0 -w -std=legacy  -c dnrm2.f 
mpif77 -O0 -w -std=legacy  -c dorg2l.f 
mpif77 -O0 -w -std=legacy  -c dorg2r.f 
mpif77 -O0 -w -std=legacy  -c dorgbr.f 
mpif77 -O0 -w -std=legacy  -c dorghr.f 
mpif77 -O0 -w -std=legacy  -c dorgl2.f 
mpif77 -O0 -w -std=legacy  -c dorglq.f 
mpif77 -O0 -w -std=legacy  -c dorgql.f 
mpif77 -O0 -w -std=legacy  -c dorgqr.f 
mpif77 -O0 -w -std=legacy  -c dorgtr.f 
mpif77 -O0 -w -std=legacy  -c dorm2r.f 
mpif77 -O0 -w -std=legacy  -c dormbr.f 
mpif77 -O0 -w -std=legacy  -c dorml2.f 
mpif77 -O0 -w -std=legacy  -c dormlq.f 
mpif77 -O0 -w -std=legacy  -c dormqr.f 
mpif77 -O0 -w -std=legacy  -c dpbtf2.f 
mpif77 -O0 -w -std=legacy  -c dpbtrf.f 
mpif77 -O0 -w -std=legacy  -c dpbtrs.f 
mpif77 -O0 -w -std=legacy  -c dposv.f 
mpif77 -O0 -w -std=legacy  -c dpotf2.f 
mpif77 -O0 -w -std=legacy  -c dpotrf.f 
mpif77 -O0 -w -std=legacy  -c dpotrs.f 
mpif77 -O0 -w -std=legacy  -c drot.f 
mpif77 -O0 -w -std=legacy  -c drscl.f 
mpif77 -O0 -w -std=legacy  -c dscal.f 
mpif77 -O0 -w -std=legacy  -c dsteqr.f 
mpif77 -O0 -w -std=legacy  -c dsterf.f 
mpif77 -O0 -w -std=legacy  -c dstev.f 
mpif77 -O0 -w -std=legacy  -c dswap.f 
mpif77 -O0 -w -std=legacy  -c dsyev.f 
mpif77 -O0 -w -std=legacy  -c dsygs2.f 
mpif77 -O0 -w -std=legacy  -c dsygst.f 
mpif77 -O0 -w -std=legacy  -c dsygv.f 
mpif77 -O0 -w -std=legacy  -c dsymm.f 
mpif77 -O0 -w -std=legacy  -c dsymv.f 
mpif77 -O0 -w -std=legacy  -c dsyr2.f 
mpif77 -O0 -w -std=legacy  -c dsyr2k.f 
mpif77 -O0 -w -std=legacy  -c dsyr.f 
mpif77 -O0 -w -std=legacy  -c dsyrfs.f 
mpif77 -O0 -w -std=legacy  -c dsyrk.f 
mpif77 -O0 -w -std=legacy  -c dsytd2.f 
mpif77 -O0 -w -std=legacy  -c dsytrd.f 
mpif77 -O0 -w -std=legacy  -c dtbsv.f 
mpif77 -O0 -w -std=legacy  -c dtrevc.f 
mpif77 -O0 -w -std=legacy  -c dtrmm.f 
mpif77 -O0 -w -std=legacy  -c dtrmv.f 
mpif77 -O0 -w -std=legacy  -c dtrsm.f 
mpif77 -O0 -w -std=legacy  -c dtrsv.f 
mpif77 -O0 -w -std=legacy  -c dtrti2.f 
mpif77 -O0 -w -std=legacy  -c dtrtri.f 
mpif77 -O0 -w -std=legacy  -c dzasum.f 
mpif77 -O0 -w -std=legacy  -c dzsum1.f 
mpif77 -O0 -w -std=legacy  -c idamax.f 
mpif77 -O0 -w -std=legacy  -c ieeeck.f 
mpif77 -O0 -w -std=legacy  -c ilaenv.f 
mpif77 -O0 -w -std=legacy  -c izamax.f 
mpif77 -O0 -w -std=legacy  -c izmax1.f 
mpif77 -O0 -w -std=legacy  -c lsame.f 
mpif77 -O0 -w -std=legacy  -c xerbla.f 
mpif77 -O0 -w -std=legacy  -c zaxpy.f 
mpif77 -O0 -w -std=legacy  -c zcopy.f 
mpif77 -O0 -w -std=legacy  -c zdotc.f 
mpif77 -O0 -w -std=legacy  -c zdotu.f 
mpif77 -O0 -w -std=legacy  -c zdrscl.f 
mpif77 -O0 -w -std=legacy  -c zdscal.f 
mpif77 -O0 -w -std=legacy  -c zgecon.f 
mpif77 -O0 -w -std=legacy  -c zgemm.f 
mpif77 -O0 -w -std=legacy  -c zgeru.f 
mpif77 -O0 -w -std=legacy  -c zgetf2.f 
mpif77 -O0 -w -std=legacy  -c zgetrf.f 
mpif77 -O0 -w -std=legacy  -c zlacon.f 
mpif77 -O0 -w -std=legacy  -c zladiv.f 
mpif77 -O0 -w -std=legacy  -c zlaswp.f 
mpif77 -O0 -w -std=legacy  -c zlatrs.f 
mpif77 -O0 -w -std=legacy  -c zscal.f 
mpif77 -O0 -w -std=legacy  -c zswap.f 
mpif77 -O0 -w -std=legacy  -c ztrsm.f 
mpif77 -O0 -w -std=legacy  -c ztrsv.f 
ar -cr libblasLapack.a *.o
+ make -j4 DESTDIR=.. MPI=1 MPIIO=1 ADDUS=1 USREXIT=0 BLAS=2
mpicc -O2  -I./src  -DMPI -DUNDERSCORE -DGLOBAL_LONG_LONG -DPREFIX=gslib_ -DFPREFIX=fgslib_ -c src/gs.c -o src/gs.o
mpicc -O2  -I./src  -DMPI -DUNDERSCORE -DGLOBAL_LONG_LONG -DPREFIX=gslib_ -DFPREFIX=fgslib_ -c src/sort.c -o src/sort.o
mpicc -O2  -I./src  -DMPI -DUNDERSCORE -DGLOBAL_LONG_LONG -DPREFIX=gslib_ -DFPREFIX=fgslib_ -c src/sarray_transfer.c -o src/sarray_transfer.o
mpicc -O2  -I./src  -DMPI -DUNDERSCORE -DGLOBAL_LONG_LONG -DPREFIX=gslib_ -DFPREFIX=fgslib_ -c src/sarray_sort.c -o src/sarray_sort.o
mpicc -O2  -I./src  -DMPI -DUNDERSCORE -DGLOBAL_LONG_LONG -DPREFIX=gslib_ -DFPREFIX=fgslib_ -c src/gs_local.c -o src/gs_local.o
mpicc -O2  -I./src  -DMPI -DUNDERSCORE -DGLOBAL_LONG_LONG -DPREFIX=gslib_ -DFPREFIX=fgslib_ -c src/fail.c -o src/fail.o
mpicc -O2  -I./src  -DMPI -DUNDERSCORE -DGLOBAL_LONG_LONG -DPREFIX=gslib_ -DFPREFIX=fgslib_ -c src/crystal.c -o src/crystal.o
mpicc -O2  -I./src  -DMPI -DUNDERSCORE -DGLOBAL_LONG_LONG -DPREFIX=gslib_ -DFPREFIX=fgslib_ -c src/comm.c -o src/comm.o
mpicc -O2  -I./src  -DMPI -DUNDERSCORE -DGLOBAL_LONG_LONG -DPREFIX=gslib_ -DFPREFIX=fgslib_ -c src/tensor.c -o src/tensor.o
mpicc -O2  -I./src  -DMPI -DUNDERSCORE -DGLOBAL_LONG_LONG -DPREFIX=gslib_ -DFPREFIX=fgslib_ -c src/fcrystal.c -o src/fcrystal.o
mpicc -O2  -I./src  -DMPI -DUNDERSCORE -DGLOBAL_LONG_LONG -DPREFIX=gslib_ -DFPREFIX=fgslib_ -c src/findpts.c -o src/findpts.o
mpicc -O2  -I./src  -DMPI -DUNDERSCORE -DGLOBAL_LONG_LONG -DPREFIX=gslib_ -DFPREFIX=fgslib_ -c src/findpts_local.c -o src/findpts_local.o
mpicc -O2  -I./src  -DMPI -DUNDERSCORE -DGLOBAL_LONG_LONG -DPREFIX=gslib_ -DFPREFIX=fgslib_ -c src/obbox.c -o src/obbox.o
mpicc -O2  -I./src  -DMPI -DUNDERSCORE -DGLOBAL_LONG_LONG -DPREFIX=gslib_ -DFPREFIX=fgslib_ -c src/poly.c -o src/poly.o
mpicc -O2  -I./src  -DMPI -DUNDERSCORE -DGLOBAL_LONG_LONG -DPREFIX=gslib_ -DFPREFIX=fgslib_ -c src/lob_bnd.c -o src/lob_bnd.o
mpicc -O2  -I./src  -DMPI -DUNDERSCORE -DGLOBAL_LONG_LONG -DPREFIX=gslib_ -DFPREFIX=fgslib_ -c src/findpts_el_3.c -o src/findpts_el_3.o
mpicc -O2  -I./src  -DMPI -DUNDERSCORE -DGLOBAL_LONG_LONG -DPREFIX=gslib_ -DFPREFIX=fgslib_ -c src/findpts_el_2.c -o src/findpts_el_2.o
'./src/libgs.a' -> '../lib/libgs.a'
+ set +x

mpif77 -c  -O2 -cpp -fdefault-real-8 -fdefault-double-8 -w -std=legacy  -DMPI -DUNDERSCORE -DGLOBAL_LONG_LONG -DTIMER -I/media/spectr_lab_2/easystore/Anton/Karsten/Karsten -I/home/spectr_lab_2/Nek5000/core -I./ -I/home/spectr_lab_2/Nek5000/core/experimental -I/media/spectr_lab_2/easystore/Anton/Karsten/Karsten/obj /home/spectr_lab_2/Nek5000/core/drive1.f -o /media/spectr_lab_2/easystore/Anton/Karsten/Karsten/obj/drive1.o
mpif77 -c  -O2 -cpp -fdefault-real-8 -fdefault-double-8 -w -std=legacy  -DMPI -DUNDERSCORE -DGLOBAL_LONG_LONG -DTIMER -I/media/spectr_lab_2/easystore/Anton/Karsten/Karsten -I/home/spectr_lab_2/Nek5000/core -I./ -I/home/spectr_lab_2/Nek5000/core/experimental -I/media/spectr_lab_2/easystore/Anton/Karsten/Karsten/obj /home/spectr_lab_2/Nek5000/core/drive2.f -o /media/spectr_lab_2/easystore/Anton/Karsten/Karsten/obj/drive2.o
mpif77 -c  -O2 -cpp -fdefault-real-8 -fdefault-double-8 -w -std=legacy  -DMPI -DUNDERSCORE -DGLOBAL_LONG_LONG -DTIMER -I/media/spectr_lab_2/easystore/Anton/Karsten/Karsten -I/home/spectr_lab_2/Nek5000/core -I./ -I/home/spectr_lab_2/Nek5000/core/experimental -I/media/spectr_lab_2/easystore/Anton/Karsten/Karsten/obj /home/spectr_lab_2/Nek5000/core/plan5.f -o /media/spectr_lab_2/easystore/Anton/Karsten/Karsten/obj/plan5.o
mpif77 -c  -O2 -cpp -fdefault-real-8 -fdefault-double-8 -w -std=legacy  -DMPI -DUNDERSCORE -DGLOBAL_LONG_LONG -DTIMER -I/media/spectr_lab_2/easystore/Anton/Karsten/Karsten -I/home/spectr_lab_2/Nek5000/core -I./ -I/home/spectr_lab_2/Nek5000/core/experimental -I/media/spectr_lab_2/easystore/Anton/Karsten/Karsten/obj /home/spectr_lab_2/Nek5000/core/plan4.f -o /media/spectr_lab_2/easystore/Anton/Karsten/Karsten/obj/plan4.o
mpif77 -c  -O2 -cpp -fdefault-real-8 -fdefault-double-8 -w -std=legacy  -DMPI -DUNDERSCORE -DGLOBAL_LONG_LONG -DTIMER -I/media/spectr_lab_2/easystore/Anton/Karsten/Karsten -I/home/spectr_lab_2/Nek5000/core -I./ -I/home/spectr_lab_2/Nek5000/core/experimental -I/media/spectr_lab_2/easystore/Anton/Karsten/Karsten/obj /home/spectr_lab_2/Nek5000/core/bdry.f -o /media/spectr_lab_2/easystore/Anton/Karsten/Karsten/obj/bdry.o
mpif77 -c  -O2 -cpp -fdefault-real-8 -fdefault-double-8 -w -std=legacy  -DMPI -DUNDERSCORE -DGLOBAL_LONG_LONG -DTIMER -I/media/spectr_lab_2/easystore/Anton/Karsten/Karsten -I/home/spectr_lab_2/Nek5000/core -I./ -I/home/spectr_lab_2/Nek5000/core/experimental -I/media/spectr_lab_2/easystore/Anton/Karsten/Karsten/obj /home/spectr_lab_2/Nek5000/core/coef.f -o /media/spectr_lab_2/easystore/Anton/Karsten/Karsten/obj/coef.o
mpif77 -c  -O2 -cpp -fdefault-real-8 -fdefault-double-8 -w -std=legacy  -DMPI -DUNDERSCORE -DGLOBAL_LONG_LONG -DTIMER -I/media/spectr_lab_2/easystore/Anton/Karsten/Karsten -I/home/spectr_lab_2/Nek5000/core -I./ -I/home/spectr_lab_2/Nek5000/core/experimental -I/media/spectr_lab_2/easystore/Anton/Karsten/Karsten/obj /home/spectr_lab_2/Nek5000/core/conduct.f -o /media/spectr_lab_2/easystore/Anton/Karsten/Karsten/obj/conduct.o
mpif77 -c  -O2 -cpp -fdefault-real-8 -fdefault-double-8 -w -std=legacy  -DMPI -DUNDERSCORE -DGLOBAL_LONG_LONG -DTIMER -I/media/spectr_lab_2/easystore/Anton/Karsten/Karsten -I/home/spectr_lab_2/Nek5000/core -I./ -I/home/spectr_lab_2/Nek5000/core/experimental -I/media/spectr_lab_2/easystore/Anton/Karsten/Karsten/obj /home/spectr_lab_2/Nek5000/core/connect1.f -o /media/spectr_lab_2/easystore/Anton/Karsten/Karsten/obj/connect1.o
mpif77 -c  -O2 -cpp -fdefault-real-8 -fdefault-double-8 -w -std=legacy  -DMPI -DUNDERSCORE -DGLOBAL_LONG_LONG -DTIMER -I/media/spectr_lab_2/easystore/Anton/Karsten/Karsten -I/home/spectr_lab_2/Nek5000/core -I./ -I/home/spectr_lab_2/Nek5000/core/experimental -I/media/spectr_lab_2/easystore/Anton/Karsten/Karsten/obj /home/spectr_lab_2/Nek5000/core/connect2.f -o /media/spectr_lab_2/easystore/Anton/Karsten/Karsten/obj/connect2.o
mpif77 -c  -O2 -cpp -fdefault-real-8 -fdefault-double-8 -w -std=legacy  -DMPI -DUNDERSCORE -DGLOBAL_LONG_LONG -DTIMER -I/media/spectr_lab_2/easystore/Anton/Karsten/Karsten -I/home/spectr_lab_2/Nek5000/core -I./ -I/home/spectr_lab_2/Nek5000/core/experimental -I/media/spectr_lab_2/easystore/Anton/Karsten/Karsten/obj /home/spectr_lab_2/Nek5000/core/dssum.f -o /media/spectr_lab_2/easystore/Anton/Karsten/Karsten/obj/dssum.o
mpif77 -c  -O2 -cpp -fdefault-real-8 -fdefault-double-8 -w -std=legacy  -DMPI -DUNDERSCORE -DGLOBAL_LONG_LONG -DTIMER -I/media/spectr_lab_2/easystore/Anton/Karsten/Karsten -I/home/spectr_lab_2/Nek5000/core -I./ -I/home/spectr_lab_2/Nek5000/core/experimental -I/media/spectr_lab_2/easystore/Anton/Karsten/Karsten/obj /home/spectr_lab_2/Nek5000/core/eigsolv.f -o /media/spectr_lab_2/easystore/Anton/Karsten/Karsten/obj/eigsolv.o
mpif77 -c  -O2 -cpp -fdefault-real-8 -fdefault-double-8 -w -std=legacy  -DMPI -DUNDERSCORE -DGLOBAL_LONG_LONG -DTIMER -I/media/spectr_lab_2/easystore/Anton/Karsten/Karsten -I/home/spectr_lab_2/Nek5000/core -I./ -I/home/spectr_lab_2/Nek5000/core/experimental -I/media/spectr_lab_2/easystore/Anton/Karsten/Karsten/obj /home/spectr_lab_2/Nek5000/core/gauss.f -o /media/spectr_lab_2/easystore/Anton/Karsten/Karsten/obj/gauss.o
mpif77 -c  -O2 -cpp -fdefault-real-8 -fdefault-double-8 -w -std=legacy  -DMPI -DUNDERSCORE -DGLOBAL_LONG_LONG -DTIMER -I/media/spectr_lab_2/easystore/Anton/Karsten/Karsten -I/home/spectr_lab_2/Nek5000/core -I./ -I/home/spectr_lab_2/Nek5000/core/experimental -I/media/spectr_lab_2/easystore/Anton/Karsten/Karsten/obj /home/spectr_lab_2/Nek5000/core/genxyz.f -o /media/spectr_lab_2/easystore/Anton/Karsten/Karsten/obj/genxyz.o
mpif77 -c  -O2 -cpp -fdefault-real-8 -fdefault-double-8 -w -std=legacy  -DMPI -DUNDERSCORE -DGLOBAL_LONG_LONG -DTIMER -I/media/spectr_lab_2/easystore/Anton/Karsten/Karsten -I/home/spectr_lab_2/Nek5000/core -I./ -I/home/spectr_lab_2/Nek5000/core/experimental -I/media/spectr_lab_2/easystore/Anton/Karsten/Karsten/obj /home/spectr_lab_2/Nek5000/core/navier1.f -o /media/spectr_lab_2/easystore/Anton/Karsten/Karsten/obj/navier1.o
mpif77 -c  -O2 -cpp -fdefault-real-8 -fdefault-double-8 -w -std=legacy  -DMPI -DUNDERSCORE -DGLOBAL_LONG_LONG -DTIMER -I/media/spectr_lab_2/easystore/Anton/Karsten/Karsten -I/home/spectr_lab_2/Nek5000/core -I./ -I/home/spectr_lab_2/Nek5000/core/experimental -I/media/spectr_lab_2/easystore/Anton/Karsten/Karsten/obj /home/spectr_lab_2/Nek5000/core/makeq.f -o /media/spectr_lab_2/easystore/Anton/Karsten/Karsten/obj/makeq.o
mpif77 -c  -O2 -cpp -fdefault-real-8 -fdefault-double-8 -w -std=legacy  -DMPI -DUNDERSCORE -DGLOBAL_LONG_LONG -DTIMER -I/media/spectr_lab_2/easystore/Anton/Karsten/Karsten -I/home/spectr_lab_2/Nek5000/core -I./ -I/home/spectr_lab_2/Nek5000/core/experimental -I/media/spectr_lab_2/easystore/Anton/Karsten/Karsten/obj /home/spectr_lab_2/Nek5000/core/navier0.f -o /media/spectr_lab_2/easystore/Anton/Karsten/Karsten/obj/navier0.o
mpif77 -c  -O2 -cpp -fdefault-real-8 -fdefault-double-8 -w -std=legacy  -DMPI -DUNDERSCORE -DGLOBAL_LONG_LONG -DTIMER -I/media/spectr_lab_2/easystore/Anton/Karsten/Karsten -I/home/spectr_lab_2/Nek5000/core -I./ -I/home/spectr_lab_2/Nek5000/core/experimental -I/media/spectr_lab_2/easystore/Anton/Karsten/Karsten/obj /home/spectr_lab_2/Nek5000/core/navier2.f -o /media/spectr_lab_2/easystore/Anton/Karsten/Karsten/obj/navier2.o
mpif77 -c  -O2 -cpp -fdefault-real-8 -fdefault-double-8 -w -std=legacy  -DMPI -DUNDERSCORE -DGLOBAL_LONG_LONG -DTIMER -I/media/spectr_lab_2/easystore/Anton/Karsten/Karsten -I/home/spectr_lab_2/Nek5000/core -I./ -I/home/spectr_lab_2/Nek5000/core/experimental -I/media/spectr_lab_2/easystore/Anton/Karsten/Karsten/obj /home/spectr_lab_2/Nek5000/core/navier3.f -o /media/spectr_lab_2/easystore/Anton/Karsten/Karsten/obj/navier3.o
mpif77 -c  -O2 -cpp -fdefault-real-8 -fdefault-double-8 -w -std=legacy  -DMPI -DUNDERSCORE -DGLOBAL_LONG_LONG -DTIMER -I/media/spectr_lab_2/easystore/Anton/Karsten/Karsten -I/home/spectr_lab_2/Nek5000/core -I./ -I/home/spectr_lab_2/Nek5000/core/experimental -I/media/spectr_lab_2/easystore/Anton/Karsten/Karsten/obj /home/spectr_lab_2/Nek5000/core/navier4.f -o /media/spectr_lab_2/easystore/Anton/Karsten/Karsten/obj/navier4.o
mpif77 -c  -O2 -cpp -fdefault-real-8 -fdefault-double-8 -w -std=legacy  -DMPI -DUNDERSCORE -DGLOBAL_LONG_LONG -DTIMER -I/media/spectr_lab_2/easystore/Anton/Karsten/Karsten -I/home/spectr_lab_2/Nek5000/core -I./ -I/home/spectr_lab_2/Nek5000/core/experimental -I/media/spectr_lab_2/easystore/Anton/Karsten/Karsten/obj /home/spectr_lab_2/Nek5000/core/prepost.f -o /media/spectr_lab_2/easystore/Anton/Karsten/Karsten/obj/prepost.o
mpif77 -c  -O2 -cpp -fdefault-real-8 -fdefault-double-8 -w -std=legacy  -DMPI -DUNDERSCORE -DGLOBAL_LONG_LONG -DTIMER -I/media/spectr_lab_2/easystore/Anton/Karsten/Karsten -I/home/spectr_lab_2/Nek5000/core -I./ -I/home/spectr_lab_2/Nek5000/core/experimental -I/media/spectr_lab_2/easystore/Anton/Karsten/Karsten/obj /home/spectr_lab_2/Nek5000/core/speclib.f -o /media/spectr_lab_2/easystore/Anton/Karsten/Karsten/obj/speclib.o
mpif77 -c  -O2 -cpp -fdefault-real-8 -fdefault-double-8 -w -std=legacy  -DMPI -DUNDERSCORE -DGLOBAL_LONG_LONG -DTIMER -I/media/spectr_lab_2/easystore/Anton/Karsten/Karsten -I/home/spectr_lab_2/Nek5000/core -I./ -I/home/spectr_lab_2/Nek5000/core/experimental -I/media/spectr_lab_2/easystore/Anton/Karsten/Karsten/obj /home/spectr_lab_2/Nek5000/core/map2.f -o /media/spectr_lab_2/easystore/Anton/Karsten/Karsten/obj/map2.o
mpif77 -c  -O2 -cpp -fdefault-real-8 -fdefault-double-8 -w -std=legacy  -DMPI -DUNDERSCORE -DGLOBAL_LONG_LONG -DTIMER -I/media/spectr_lab_2/easystore/Anton/Karsten/Karsten -I/home/spectr_lab_2/Nek5000/core -I./ -I/home/spectr_lab_2/Nek5000/core/experimental -I/media/spectr_lab_2/easystore/Anton/Karsten/Karsten/obj /home/spectr_lab_2/Nek5000/core/mvmesh.f -o /media/spectr_lab_2/easystore/Anton/Karsten/Karsten/obj/mvmesh.o
mpif77 -c  -O2 -cpp -fdefault-real-8 -fdefault-double-8 -w -std=legacy  -DMPI -DUNDERSCORE -DGLOBAL_LONG_LONG -DTIMER -I/media/spectr_lab_2/easystore/Anton/Karsten/Karsten -I/home/spectr_lab_2/Nek5000/core -I./ -I/home/spectr_lab_2/Nek5000/core/experimental -I/media/spectr_lab_2/easystore/Anton/Karsten/Karsten/obj /home/spectr_lab_2/Nek5000/core/ic.f -o /media/spectr_lab_2/easystore/Anton/Karsten/Karsten/obj/ic.o
mpif77 -c  -O2 -cpp -fdefault-real-8 -fdefault-double-8 -w -std=legacy  -DMPI -DUNDERSCORE -DGLOBAL_LONG_LONG -DTIMER -I/media/spectr_lab_2/easystore/Anton/Karsten/Karsten -I/home/spectr_lab_2/Nek5000/core -I./ -I/home/spectr_lab_2/Nek5000/core/experimental -I/media/spectr_lab_2/easystore/Anton/Karsten/Karsten/obj /home/spectr_lab_2/Nek5000/core/gfldr.f -o /media/spectr_lab_2/easystore/Anton/Karsten/Karsten/obj/gfldr.o
mpif77 -c  -O2 -cpp -fdefault-real-8 -fdefault-double-8 -w -std=legacy  -DMPI -DUNDERSCORE -DGLOBAL_LONG_LONG -DTIMER -I/media/spectr_lab_2/easystore/Anton/Karsten/Karsten -I/home/spectr_lab_2/Nek5000/core -I./ -I/home/spectr_lab_2/Nek5000/core/experimental -I/media/spectr_lab_2/easystore/Anton/Karsten/Karsten/obj /home/spectr_lab_2/Nek5000/core/ssolv.f -o /media/spectr_lab_2/easystore/Anton/Karsten/Karsten/obj/ssolv.o
mpif77 -c  -O2 -cpp -fdefault-real-8 -fdefault-double-8 -w -std=legacy  -DMPI -DUNDERSCORE -DGLOBAL_LONG_LONG -DTIMER -I/media/spectr_lab_2/easystore/Anton/Karsten/Karsten -I/home/spectr_lab_2/Nek5000/core -I./ -I/home/spectr_lab_2/Nek5000/core/experimental -I/media/spectr_lab_2/easystore/Anton/Karsten/Karsten/obj /home/spectr_lab_2/Nek5000/core/planx.f -o /media/spectr_lab_2/easystore/Anton/Karsten/Karsten/obj/planx.o
mpif77 -c  -O3 -cpp -fdefault-real-8 -fdefault-double-8 -w -std=legacy  -DMPI -DUNDERSCORE -DGLOBAL_LONG_LONG -DTIMER -I/media/spectr_lab_2/easystore/Anton/Karsten/Karsten -I/home/spectr_lab_2/Nek5000/core -I./ -I/home/spectr_lab_2/Nek5000/core/experimental -I/media/spectr_lab_2/easystore/Anton/Karsten/Karsten/obj /home/spectr_lab_2/Nek5000/core/math.f -o /media/spectr_lab_2/easystore/Anton/Karsten/Karsten/obj/math.o
mpif77 -c  -O2 -cpp -fdefault-real-8 -fdefault-double-8 -w -std=legacy  -DMPI -DUNDERSCORE -DGLOBAL_LONG_LONG -DTIMER -I/media/spectr_lab_2/easystore/Anton/Karsten/Karsten -I/home/spectr_lab_2/Nek5000/core -I./ -I/home/spectr_lab_2/Nek5000/core/experimental -I/media/spectr_lab_2/easystore/Anton/Karsten/Karsten/obj /home/spectr_lab_2/Nek5000/core/mxm_wrapper.f -o /media/spectr_lab_2/easystore/Anton/Karsten/Karsten/obj/mxm_wrapper.o 
mpif77 -c  -O2 -cpp -fdefault-real-8 -fdefault-double-8 -w -std=legacy  -DMPI -DUNDERSCORE -DGLOBAL_LONG_LONG -DTIMER -I/media/spectr_lab_2/easystore/Anton/Karsten/Karsten -I/home/spectr_lab_2/Nek5000/core -I./ -I/home/spectr_lab_2/Nek5000/core/experimental -I/media/spectr_lab_2/easystore/Anton/Karsten/Karsten/obj /home/spectr_lab_2/Nek5000/core/hmholtz.f -o /media/spectr_lab_2/easystore/Anton/Karsten/Karsten/obj/hmholtz.o
mpif77 -c  -O2 -cpp -fdefault-real-8 -fdefault-double-8 -w -std=legacy  -DMPI -DUNDERSCORE -DGLOBAL_LONG_LONG -DTIMER -I/media/spectr_lab_2/easystore/Anton/Karsten/Karsten -I/home/spectr_lab_2/Nek5000/core -I./ -I/home/spectr_lab_2/Nek5000/core/experimental -I/media/spectr_lab_2/easystore/Anton/Karsten/Karsten/obj /home/spectr_lab_2/Nek5000/core/subs1.f -o /media/spectr_lab_2/easystore/Anton/Karsten/Karsten/obj/subs1.o
mpif77 -c  -O2 -cpp -fdefault-real-8 -fdefault-double-8 -w -std=legacy  -DMPI -DUNDERSCORE -DGLOBAL_LONG_LONG -DTIMER -I/media/spectr_lab_2/easystore/Anton/Karsten/Karsten -I/home/spectr_lab_2/Nek5000/core -I./ -I/home/spectr_lab_2/Nek5000/core/experimental -I/media/spectr_lab_2/easystore/Anton/Karsten/Karsten/obj /home/spectr_lab_2/Nek5000/core/subs2.f -o /media/spectr_lab_2/easystore/Anton/Karsten/Karsten/obj/subs2.o
mpif77 -c  -O2 -cpp -fdefault-real-8 -fdefault-double-8 -w -std=legacy  -DMPI -DUNDERSCORE -DGLOBAL_LONG_LONG -DTIMER -I/media/spectr_lab_2/easystore/Anton/Karsten/Karsten -I/home/spectr_lab_2/Nek5000/core -I./ -I/home/spectr_lab_2/Nek5000/core/experimental -I/media/spectr_lab_2/easystore/Anton/Karsten/Karsten/obj /home/spectr_lab_2/Nek5000/core/gmres.f -o /media/spectr_lab_2/easystore/Anton/Karsten/Karsten/obj/gmres.o
mpif77 -c  -O2 -cpp -fdefault-real-8 -fdefault-double-8 -w -std=legacy  -DMPI -DUNDERSCORE -DGLOBAL_LONG_LONG -DTIMER -I/media/spectr_lab_2/easystore/Anton/Karsten/Karsten -I/home/spectr_lab_2/Nek5000/core -I./ -I/home/spectr_lab_2/Nek5000/core/experimental -I/media/spectr_lab_2/easystore/Anton/Karsten/Karsten/obj /home/spectr_lab_2/Nek5000/core/hsmg.f -o /media/spectr_lab_2/easystore/Anton/Karsten/Karsten/obj/hsmg.o
mpif77 -c  -O2 -cpp -fdefault-real-8 -fdefault-double-8 -w -std=legacy  -DMPI -DUNDERSCORE -DGLOBAL_LONG_LONG -DTIMER -I/media/spectr_lab_2/easystore/Anton/Karsten/Karsten -I/home/spectr_lab_2/Nek5000/core -I./ -I/home/spectr_lab_2/Nek5000/core/experimental -I/media/spectr_lab_2/easystore/Anton/Karsten/Karsten/obj /home/spectr_lab_2/Nek5000/core/convect.f -o /media/spectr_lab_2/easystore/Anton/Karsten/Karsten/obj/convect.o
mpif77 -c  -O0 -cpp -fdefault-real-8 -fdefault-double-8 -w -std=legacy  -DMPI -DUNDERSCORE -DGLOBAL_LONG_LONG -DTIMER -I/media/spectr_lab_2/easystore/Anton/Karsten/Karsten -I/home/spectr_lab_2/Nek5000/core -I./ -I/home/spectr_lab_2/Nek5000/core/experimental -I/media/spectr_lab_2/easystore/Anton/Karsten/Karsten/obj /home/spectr_lab_2/Nek5000/core/convect2.f -o /media/spectr_lab_2/easystore/Anton/Karsten/Karsten/obj/convect2.o
mpif77 -c  -O2 -cpp -fdefault-real-8 -fdefault-double-8 -w -std=legacy  -DMPI -DUNDERSCORE -DGLOBAL_LONG_LONG -DTIMER -I/media/spectr_lab_2/easystore/Anton/Karsten/Karsten -I/home/spectr_lab_2/Nek5000/core -I./ -I/home/spectr_lab_2/Nek5000/core/experimental -I/media/spectr_lab_2/easystore/Anton/Karsten/Karsten/obj /home/spectr_lab_2/Nek5000/core/induct.f -o /media/spectr_lab_2/easystore/Anton/Karsten/Karsten/obj/induct.o
mpif77 -c  -O2 -cpp -fdefault-real-8 -fdefault-double-8 -w -std=legacy  -DMPI -DUNDERSCORE -DGLOBAL_LONG_LONG -DTIMER -I/media/spectr_lab_2/easystore/Anton/Karsten/Karsten -I/home/spectr_lab_2/Nek5000/core -I./ -I/home/spectr_lab_2/Nek5000/core/experimental -I/media/spectr_lab_2/easystore/Anton/Karsten/Karsten/obj /home/spectr_lab_2/Nek5000/core/perturb.f -o /media/spectr_lab_2/easystore/Anton/Karsten/Karsten/obj/perturb.o
mpif77 -c  -O2 -cpp -fdefault-real-8 -fdefault-double-8 -w -std=legacy  -DMPI -DUNDERSCORE -DGLOBAL_LONG_LONG -DTIMER -I/media/spectr_lab_2/easystore/Anton/Karsten/Karsten -I/home/spectr_lab_2/Nek5000/core -I./ -I/home/spectr_lab_2/Nek5000/core/experimental -I/media/spectr_lab_2/easystore/Anton/Karsten/Karsten/obj /home/spectr_lab_2/Nek5000/core/navier5.f -o /media/spectr_lab_2/easystore/Anton/Karsten/Karsten/obj/navier5.o
mpif77 -c  -O2 -cpp -fdefault-real-8 -fdefault-double-8 -w -std=legacy  -DMPI -DUNDERSCORE -DGLOBAL_LONG_LONG -DTIMER -I/media/spectr_lab_2/easystore/Anton/Karsten/Karsten -I/home/spectr_lab_2/Nek5000/core -I./ -I/home/spectr_lab_2/Nek5000/core/experimental -I/media/spectr_lab_2/easystore/Anton/Karsten/Karsten/obj /home/spectr_lab_2/Nek5000/core/navier6.f -o /media/spectr_lab_2/easystore/Anton/Karsten/Karsten/obj/navier6.o
mpif77 -c  -O2 -cpp -fdefault-real-8 -fdefault-double-8 -w -std=legacy  -DMPI -DUNDERSCORE -DGLOBAL_LONG_LONG -DTIMER -I/media/spectr_lab_2/easystore/Anton/Karsten/Karsten -I/home/spectr_lab_2/Nek5000/core -I./ -I/home/spectr_lab_2/Nek5000/core/experimental -I/media/spectr_lab_2/easystore/Anton/Karsten/Karsten/obj /home/spectr_lab_2/Nek5000/core/navier7.f -o /media/spectr_lab_2/easystore/Anton/Karsten/Karsten/obj/navier7.o
mpif77 -c  -O2 -cpp -fdefault-real-8 -fdefault-double-8 -w -std=legacy  -DMPI -DUNDERSCORE -DGLOBAL_LONG_LONG -DTIMER -I/media/spectr_lab_2/easystore/Anton/Karsten/Karsten -I/home/spectr_lab_2/Nek5000/core -I./ -I/home/spectr_lab_2/Nek5000/core/experimental -I/media/spectr_lab_2/easystore/Anton/Karsten/Karsten/obj /home/spectr_lab_2/Nek5000/core/navier8.f -o /media/spectr_lab_2/easystore/Anton/Karsten/Karsten/obj/navier8.o
mpif77 -c  -O2 -cpp -fdefault-real-8 -fdefault-double-8 -w -std=legacy  -DMPI -DUNDERSCORE -DGLOBAL_LONG_LONG -DTIMER -I/media/spectr_lab_2/easystore/Anton/Karsten/Karsten -I/home/spectr_lab_2/Nek5000/core -I./ -I/home/spectr_lab_2/Nek5000/core/experimental -I/media/spectr_lab_2/easystore/Anton/Karsten/Karsten/obj /home/spectr_lab_2/Nek5000/core/fast3d.f -o /media/spectr_lab_2/easystore/Anton/Karsten/Karsten/obj/fast3d.o
mpif77 -c  -O2 -cpp -fdefault-real-8 -fdefault-double-8 -w -std=legacy  -DMPI -DUNDERSCORE -DGLOBAL_LONG_LONG -DTIMER -I/media/spectr_lab_2/easystore/Anton/Karsten/Karsten -I/home/spectr_lab_2/Nek5000/core -I./ -I/home/spectr_lab_2/Nek5000/core/experimental -I/media/spectr_lab_2/easystore/Anton/Karsten/Karsten/obj /home/spectr_lab_2/Nek5000/core/fasts.f -o /media/spectr_lab_2/easystore/Anton/Karsten/Karsten/obj/fasts.o
mpif77 -c  -O2 -cpp -fdefault-real-8 -fdefault-double-8 -w -std=legacy  -DMPI -DUNDERSCORE -DGLOBAL_LONG_LONG -DTIMER -I/media/spectr_lab_2/easystore/Anton/Karsten/Karsten -I/home/spectr_lab_2/Nek5000/core -I./ -I/home/spectr_lab_2/Nek5000/core/experimental -I/media/spectr_lab_2/easystore/Anton/Karsten/Karsten/obj /home/spectr_lab_2/Nek5000/core/calcz.f -o /media/spectr_lab_2/easystore/Anton/Karsten/Karsten/obj/calcz.o
mpicc -c  -O2  -DMPI -DUNDERSCORE -DGLOBAL_LONG_LONG -DTIMER -I/home/spectr_lab_2/Nek5000/core -I./ -I/home/spectr_lab_2/Nek5000/core/experimental -I/media/spectr_lab_2/easystore/Anton/Karsten/Karsten/obj /home/spectr_lab_2/Nek5000/core/byte.c -o /media/spectr_lab_2/easystore/Anton/Karsten/Karsten/obj/byte.o
/home/spectr_lab_2/Nek5000/core/byte.c: In function ‘byte_read_’:
/home/spectr_lab_2/Nek5000/core/byte.c:225:6: warning: ignoring return value of ‘fread’ declared with attribute ‘warn_unused_result’ [-Wunused-result]
  225 |      fread(buf,sizeof(float),*n,fp);
      |      ^~~~~~~~~~~~~~~~~~~~~~~~~~~~~~
mpicc -c  -O2  -DMPI -DUNDERSCORE -DGLOBAL_LONG_LONG -DTIMER -I/home/spectr_lab_2/Nek5000/core -I./ -I/home/spectr_lab_2/Nek5000/core/experimental -I/media/spectr_lab_2/easystore/Anton/Karsten/Karsten/obj /home/spectr_lab_2/Nek5000/core/chelpers.c -o /media/spectr_lab_2/easystore/Anton/Karsten/Karsten/obj/chelpers.o
/home/spectr_lab_2/Nek5000/core/chelpers.c: In function ‘set_stdout_’:
/home/spectr_lab_2/Nek5000/core/chelpers.c:72:5: warning: ignoring return value of ‘freopen’ declared with attribute ‘warn_unused_result’ [-Wunused-result]
   72 |     freopen(logfile, "w+", stdout);
      |     ^~~~~~~~~~~~~~~~~~~~~~~~~~~~~~
mpif77 -c  -O2 -cpp -fdefault-real-8 -fdefault-double-8 -w -std=legacy  -DMPI -DUNDERSCORE -DGLOBAL_LONG_LONG -DTIMER -I/media/spectr_lab_2/easystore/Anton/Karsten/Karsten -I/home/spectr_lab_2/Nek5000/core -I./ -I/home/spectr_lab_2/Nek5000/core/experimental -I/media/spectr_lab_2/easystore/Anton/Karsten/Karsten/obj /home/spectr_lab_2/Nek5000/core/byte_mpi.f -o /media/spectr_lab_2/easystore/Anton/Karsten/Karsten/obj/byte_mpi.o
mpif77 -c  -O2 -cpp -fdefault-real-8 -fdefault-double-8 -w -std=legacy  -DMPI -DUNDERSCORE -DGLOBAL_LONG_LONG -DTIMER -I/media/spectr_lab_2/easystore/Anton/Karsten/Karsten -I/home/spectr_lab_2/Nek5000/core -I./ -I/home/spectr_lab_2/Nek5000/core/experimental -I/media/spectr_lab_2/easystore/Anton/Karsten/Karsten/obj /home/spectr_lab_2/Nek5000/core/postpro.f -o /media/spectr_lab_2/easystore/Anton/Karsten/Karsten/obj/postpro.o
mpif77 -c  -O2 -cpp -fdefault-real-8 -fdefault-double-8 -w -std=legacy  -DMPI -DUNDERSCORE -DGLOBAL_LONG_LONG -DTIMER -I/media/spectr_lab_2/easystore/Anton/Karsten/Karsten -I/home/spectr_lab_2/Nek5000/core -I./ -I/home/spectr_lab_2/Nek5000/core/experimental -I/media/spectr_lab_2/easystore/Anton/Karsten/Karsten/obj /home/spectr_lab_2/Nek5000/core/interp.f -o /media/spectr_lab_2/easystore/Anton/Karsten/Karsten/obj/interp.o
mpif77 -c  -O2 -cpp -fdefault-real-8 -fdefault-double-8 -w -std=legacy  -DMPI -DUNDERSCORE -DGLOBAL_LONG_LONG -DTIMER -I/media/spectr_lab_2/easystore/Anton/Karsten/Karsten -I/home/spectr_lab_2/Nek5000/core -I./ -I/home/spectr_lab_2/Nek5000/core/experimental -I/media/spectr_lab_2/easystore/Anton/Karsten/Karsten/obj /home/spectr_lab_2/Nek5000/core/cvode_driver.f -o /media/spectr_lab_2/easystore/Anton/Karsten/Karsten/obj/cvode_driver.o
mpif77 -c  -O2 -cpp -fdefault-real-8 -fdefault-double-8 -w -std=legacy  -DMPI -DUNDERSCORE -DGLOBAL_LONG_LONG -DTIMER -I/media/spectr_lab_2/easystore/Anton/Karsten/Karsten -I/home/spectr_lab_2/Nek5000/core -I./ -I/home/spectr_lab_2/Nek5000/core/experimental -I/media/spectr_lab_2/easystore/Anton/Karsten/Karsten/obj /home/spectr_lab_2/Nek5000/core/multimesh.f -o /media/spectr_lab_2/easystore/Anton/Karsten/Karsten/obj/multimesh.o
mpif77 -c  -O2 -cpp -fdefault-real-8 -fdefault-double-8 -w -std=legacy  -DMPI -DUNDERSCORE -DGLOBAL_LONG_LONG -DTIMER -I/media/spectr_lab_2/easystore/Anton/Karsten/Karsten -I/home/spectr_lab_2/Nek5000/core -I./ -I/home/spectr_lab_2/Nek5000/core/experimental -I/media/spectr_lab_2/easystore/Anton/Karsten/Karsten/obj /home/spectr_lab_2/Nek5000/core/vprops.f -o /media/spectr_lab_2/easystore/Anton/Karsten/Karsten/obj/vprops.o
mpif77 -c  -O2 -cpp -fdefault-real-8 -fdefault-double-8 -w -std=legacy  -DMPI -DUNDERSCORE -DGLOBAL_LONG_LONG -DTIMER -I/media/spectr_lab_2/easystore/Anton/Karsten/Karsten -I/home/spectr_lab_2/Nek5000/core -I./ -I/home/spectr_lab_2/Nek5000/core/experimental -I/media/spectr_lab_2/easystore/Anton/Karsten/Karsten/obj /home/spectr_lab_2/Nek5000/core/makeq_aux.f -o /media/spectr_lab_2/easystore/Anton/Karsten/Karsten/obj/makeq_aux.o
mpif77 -c  -O2 -cpp -fdefault-real-8 -fdefault-double-8 -w -std=legacy  -DMPI -DUNDERSCORE -DGLOBAL_LONG_LONG -DTIMER -I/media/spectr_lab_2/easystore/Anton/Karsten/Karsten -I/home/spectr_lab_2/Nek5000/core -I./ -I/home/spectr_lab_2/Nek5000/core/experimental -I/media/spectr_lab_2/easystore/Anton/Karsten/Karsten/obj /home/spectr_lab_2/Nek5000/core/papi.f -o /media/spectr_lab_2/easystore/Anton/Karsten/Karsten/obj/papi.o
mpif77 -c   -O2 -cpp -fdefault-real-8 -fdefault-double-8 -w -std=legacy  -DMPI -DUNDERSCORE -DGLOBAL_LONG_LONG -DTIMER -I/media/spectr_lab_2/easystore/Anton/Karsten/Karsten -I/home/spectr_lab_2/Nek5000/core -I./ -I/home/spectr_lab_2/Nek5000/core/experimental -I/media/spectr_lab_2/easystore/Anton/Karsten/Karsten/obj /home/spectr_lab_2/Nek5000/core/3rd_party/nek_in_situ.f -o /media/spectr_lab_2/easystore/Anton/Karsten/Karsten/obj/nek_in_situ.o
mpif77 -c  -O2 -cpp -fdefault-real-8 -fdefault-double-8 -w -std=legacy  -DMPI -DUNDERSCORE -DGLOBAL_LONG_LONG -DTIMER -I/media/spectr_lab_2/easystore/Anton/Karsten/Karsten -I/home/spectr_lab_2/Nek5000/core -I./ -I/home/spectr_lab_2/Nek5000/core/experimental -I/media/spectr_lab_2/easystore/Anton/Karsten/Karsten/obj /home/spectr_lab_2/Nek5000/core/reader_rea.f -o /media/spectr_lab_2/easystore/Anton/Karsten/Karsten/obj/reader_rea.o
mpif77 -c  -O2 -cpp -fdefault-real-8 -fdefault-double-8 -w -std=legacy  -DMPI -DUNDERSCORE -DGLOBAL_LONG_LONG -DTIMER -I/media/spectr_lab_2/easystore/Anton/Karsten/Karsten -I/home/spectr_lab_2/Nek5000/core -I./ -I/home/spectr_lab_2/Nek5000/core/experimental -I/media/spectr_lab_2/easystore/Anton/Karsten/Karsten/obj /home/spectr_lab_2/Nek5000/core/reader_par.f -o /media/spectr_lab_2/easystore/Anton/Karsten/Karsten/obj/reader_par.o
mpif77 -c  -O2 -cpp -fdefault-real-8 -fdefault-double-8 -w -std=legacy  -DMPI -DUNDERSCORE -DGLOBAL_LONG_LONG -DTIMER -I/media/spectr_lab_2/easystore/Anton/Karsten/Karsten -I/home/spectr_lab_2/Nek5000/core -I./ -I/home/spectr_lab_2/Nek5000/core/experimental -I/media/spectr_lab_2/easystore/Anton/Karsten/Karsten/obj /home/spectr_lab_2/Nek5000/core/reader_re2.f -o /media/spectr_lab_2/easystore/Anton/Karsten/Karsten/obj/reader_re2.o
mpicc -c  -O2  -DMPI -DUNDERSCORE -DGLOBAL_LONG_LONG -DTIMER -I/home/spectr_lab_2/Nek5000/core -I./ -I/home/spectr_lab_2/Nek5000/core/experimental -I/media/spectr_lab_2/easystore/Anton/Karsten/Karsten/obj  /home/spectr_lab_2/Nek5000/core/3rd_party/finiparser.c -o /media/spectr_lab_2/easystore/Anton/Karsten/Karsten/obj/finiparser.o
mpicc -c  -O2  -DMPI -DUNDERSCORE -DGLOBAL_LONG_LONG -DTIMER -I/home/spectr_lab_2/Nek5000/core -I./ -I/home/spectr_lab_2/Nek5000/core/experimental -I/media/spectr_lab_2/easystore/Anton/Karsten/Karsten/obj  /home/spectr_lab_2/Nek5000/core/3rd_party/iniparser.c -o /media/spectr_lab_2/easystore/Anton/Karsten/Karsten/obj/iniparser.o
/home/spectr_lab_2/Nek5000/core/3rd_party/iniparser.c: In function ‘iniparser_load’:
/home/spectr_lab_2/Nek5000/core/3rd_party/iniparser.c:718:32: warning: ‘__builtin___sprintf_chk’ may write a terminating nul past the end of the destination [-Wformat-overflow=]
  718 |             sprintf(tmp, "%s:%s", section, key);
      |                                ^
In file included from /usr/include/stdio.h:894,
                 from /home/spectr_lab_2/Nek5000/core/3rd_party/iniparser.h:16,
                 from /home/spectr_lab_2/Nek5000/core/3rd_party/iniparser.c:11:
/usr/include/x86_64-linux-gnu/bits/stdio2.h:38:10: note: ‘__builtin___sprintf_chk’ output between 2 and 2050 bytes into a destination of size 2049
   38 |   return __builtin___sprintf_chk (__s, __USE_FORTIFY_LEVEL - 1,
      |          ^~~~~~~~~~~~~~~~~~~~~~~~~~~~~~~~~~~~~~~~~~~~~~~~~~~~~~
   39 |                                   __glibc_objsize (__s), __fmt,
      |                                   ~~~~~~~~~~~~~~~~~~~~~~~~~~~~~
   40 |                                   __va_arg_pack ());
      |                                   ~~~~~~~~~~~~~~~~~
mpicc -c  -O2  -DMPI -DUNDERSCORE -DGLOBAL_LONG_LONG -DTIMER -I/home/spectr_lab_2/Nek5000/core -I./ -I/home/spectr_lab_2/Nek5000/core/experimental -I/media/spectr_lab_2/easystore/Anton/Karsten/Karsten/obj  /home/spectr_lab_2/Nek5000/core/3rd_party/dictionary.c -o /media/spectr_lab_2/easystore/Anton/Karsten/Karsten/obj/dictionary.o
mpif77 -c  -O2 -cpp -fdefault-real-8 -fdefault-double-8 -w -std=legacy  -DMPI -DUNDERSCORE -DGLOBAL_LONG_LONG -DTIMER -I/media/spectr_lab_2/easystore/Anton/Karsten/Karsten -I/home/spectr_lab_2/Nek5000/core -I./ -I/home/spectr_lab_2/Nek5000/core/experimental -I/media/spectr_lab_2/easystore/Anton/Karsten/Karsten/obj /home/spectr_lab_2/Nek5000/core/hpf.f -o /media/spectr_lab_2/easystore/Anton/Karsten/Karsten/obj/hpf.o
mpicc -c  -O2  -DMPI -DUNDERSCORE -DGLOBAL_LONG_LONG -DTIMER -I/home/spectr_lab_2/Nek5000/core -I./ -I/home/spectr_lab_2/Nek5000/core/experimental -I/media/spectr_lab_2/easystore/Anton/Karsten/Karsten/obj -I/home/spectr_lab_2/Nek5000/3rd_party/gslib/include  /home/spectr_lab_2/Nek5000/core/fcrs.c -o /media/spectr_lab_2/easystore/Anton/Karsten/Karsten/obj/fcrs.o
mpicc -c  -O2  -DMPI -DUNDERSCORE -DGLOBAL_LONG_LONG -DTIMER -I/home/spectr_lab_2/Nek5000/core -I./ -I/home/spectr_lab_2/Nek5000/core/experimental -I/media/spectr_lab_2/easystore/Anton/Karsten/Karsten/obj -I/home/spectr_lab_2/Nek5000/3rd_party/gslib/include /home/spectr_lab_2/Nek5000/core/crs_xxt.c -o /media/spectr_lab_2/easystore/Anton/Karsten/Karsten/obj/crs_xxt.o
mpicc -c  -O2  -DMPI -DUNDERSCORE -DGLOBAL_LONG_LONG -DTIMER -I/home/spectr_lab_2/Nek5000/core -I./ -I/home/spectr_lab_2/Nek5000/core/experimental -I/media/spectr_lab_2/easystore/Anton/Karsten/Karsten/obj -I/home/spectr_lab_2/Nek5000/3rd_party/gslib/include /home/spectr_lab_2/Nek5000/core/crs_amg.c -o /media/spectr_lab_2/easystore/Anton/Karsten/Karsten/obj/crs_amg.o
mpicc -c  -O2  -DMPI -DUNDERSCORE -DGLOBAL_LONG_LONG -DTIMER -I/home/spectr_lab_2/Nek5000/core -I./ -I/home/spectr_lab_2/Nek5000/core/experimental -I/media/spectr_lab_2/easystore/Anton/Karsten/Karsten/obj -I/home/spectr_lab_2/Nek5000/3rd_party/gslib/include  /home/spectr_lab_2/Nek5000/core/experimental/fem_amg_preco.c -o /media/spectr_lab_2/easystore/Anton/Karsten/Karsten/obj/fem_amg_preco.o
mpicc -c  -O2  -DMPI -DUNDERSCORE -DGLOBAL_LONG_LONG -DTIMER -I/home/spectr_lab_2/Nek5000/core -I./ -I/home/spectr_lab_2/Nek5000/core/experimental -I/media/spectr_lab_2/easystore/Anton/Karsten/Karsten/obj -I/home/spectr_lab_2/Nek5000/3rd_party/gslib/include  /home/spectr_lab_2/Nek5000/core/experimental/crs_hypre.c -o /media/spectr_lab_2/easystore/Anton/Karsten/Karsten/obj/crs_hypre.o
mpicc -c  -O2  -DMPI -DUNDERSCORE -DGLOBAL_LONG_LONG -DTIMER -I/home/spectr_lab_2/Nek5000/core -I./ -I/home/spectr_lab_2/Nek5000/core/experimental -I/media/spectr_lab_2/easystore/Anton/Karsten/Karsten/obj -I/home/spectr_lab_2/Nek5000/3rd_party/gslib/include  /home/spectr_lab_2/Nek5000/core/partitioner.c -o /media/spectr_lab_2/easystore/Anton/Karsten/Karsten/obj/partitioner.o
mpif77 -c  -O3 -cpp -fdefault-real-8 -fdefault-double-8 -w -std=legacy  -DMPI -DUNDERSCORE -DGLOBAL_LONG_LONG -DTIMER -I/media/spectr_lab_2/easystore/Anton/Karsten/Karsten -I/home/spectr_lab_2/Nek5000/core -I./ -I/home/spectr_lab_2/Nek5000/core/experimental -I/media/spectr_lab_2/easystore/Anton/Karsten/Karsten/obj /home/spectr_lab_2/Nek5000/core/mxm_std.f -o /media/spectr_lab_2/easystore/Anton/Karsten/Karsten/obj/mxm_std.o
mpif77 -c  -O2 -cpp -fdefault-real-8 -fdefault-double-8 -w -std=legacy  -DMPI -DUNDERSCORE -DGLOBAL_LONG_LONG -DTIMER -I/media/spectr_lab_2/easystore/Anton/Karsten/Karsten -I/home/spectr_lab_2/Nek5000/core -I./ -I/home/spectr_lab_2/Nek5000/core/experimental -I/media/spectr_lab_2/easystore/Anton/Karsten/Karsten/obj /home/spectr_lab_2/Nek5000/core/comm_mpi.f -o /media/spectr_lab_2/easystore/Anton/Karsten/Karsten/obj/comm_mpi.o
mpif77  -O2 -cpp -fdefault-real-8 -fdefault-double-8 -w -std=legacy  -DMPI -DUNDERSCORE -DGLOBAL_LONG_LONG -DTIMER -I/media/spectr_lab_2/easystore/Anton/Karsten/Karsten -I/home/spectr_lab_2/Nek5000/core -I./ -I/home/spectr_lab_2/Nek5000/core/experimental -I/media/spectr_lab_2/easystore/Anton/Karsten/Karsten/obj  -c /media/spectr_lab_2/easystore/Anton/Karsten/Karsten/ext_cyl.f -o /media/spectr_lab_2/easystore/Anton/Karsten/Karsten/obj/ext_cyl.o
done
mpif77 -c  -O2 -cpp -fdefault-real-8 -fdefault-double-8 -w -std=legacy  -DMPI -DUNDERSCORE -DGLOBAL_LONG_LONG -DTIMER -I/media/spectr_lab_2/easystore/Anton/Karsten/Karsten -I/home/spectr_lab_2/Nek5000/core -I./ -I/home/spectr_lab_2/Nek5000/core/experimental -I/media/spectr_lab_2/easystore/Anton/Karsten/Karsten/obj /home/spectr_lab_2/Nek5000/core/drive.f
mpif77  -O2 -cpp -fdefault-real-8 -fdefault-double-8 -w -std=legacy  -DMPI -DUNDERSCORE -DGLOBAL_LONG_LONG -DTIMER -I/media/spectr_lab_2/easystore/Anton/Karsten/Karsten -I/home/spectr_lab_2/Nek5000/core -I./ -I/home/spectr_lab_2/Nek5000/core/experimental -I/media/spectr_lab_2/easystore/Anton/Karsten/Karsten/obj -o nek5000 drive.o /media/spectr_lab_2/easystore/Anton/Karsten/Karsten/obj/ext_cyl.o /media/spectr_lab_2/easystore/Anton/Karsten/Karsten/obj/libnek5000.a -L/home/spectr_lab_2/Nek5000/3rd_party/blasLapack -lblasLapack -L/home/spectr_lab_2/Nek5000/3rd_party/gslib/lib -lgs -Wl,--allow-multiple-definition


#############################################################
#                  Compilation successful!                  #
#############################################################
   text	   data	    bss	    dec	    hex	filename
1712593	  37116	2146200512	2147950221	80071e8d	nek5000

